<?xml version="1.0" encoding="UTF-8"?>
<robot generator="Robot 7.0 (Python 3.12.3 on win32)" generated="2024-06-04T15:33:51.857239" rpa="false" schemaversion="5">
<suite id="s1" name="TestSuites" source="C:\Users\Komal Kumari\PycharmProjects\CrediwatchAPP\TestSuites">
<suite id="s1-s1" name="TS7 Legal" source="C:\Users\Komal Kumari\PycharmProjects\CrediwatchAPP\TestSuites\TS7_Legal">
<suite id="s1-s1-s1" name="TC7 LEGAL" source="C:\Users\Komal Kumari\PycharmProjects\CrediwatchAPP\TestSuites\TS7_Legal\TC7_LEGAL.robot">
<test id="s1-s1-s1-t1" name="Verifying Legal page" line="11">
<kw name="Login to the application and search customer name" owner="GenralKeywords">
<kw name="Open Browser" owner="SeleniumLibrary">
<msg time="2024-06-04T15:33:52.707069" level="INFO">Opening browser 'Chrome' to base url 'https://www.crediwatch.net/'.</msg>
<arg>${URL}</arg>
<arg>${BROWSER}</arg>
<doc>Opens a new browser instance to the optional ``url``.</doc>
<status status="PASS" start="2024-06-04T15:33:52.706395" elapsed="40.741583"/>
</kw>
<kw name="Maximize Browser Window" owner="SeleniumLibrary">
<doc>Maximizes current browser window.</doc>
<status status="PASS" start="2024-06-04T15:34:33.447978" elapsed="0.384308"/>
</kw>
<kw name="Click Login Button" owner="GenralKeywords">
<kw name="Click Button" owner="SeleniumLibrary">
<msg time="2024-06-04T15:34:33.836802" level="INFO">Clicking button '//button[contains(text(),'Login')]'.</msg>
<arg>${LOGIN_BUTTON}</arg>
<doc>Clicks the button identified by ``locator``.</doc>
<status status="PASS" start="2024-06-04T15:34:33.832286" elapsed="26.932014"/>
</kw>
<doc>Clicks on the login button</doc>
<status status="PASS" start="2024-06-04T15:34:33.832286" elapsed="26.933681"/>
</kw>
<kw name="Sleep" owner="BuiltIn">
<msg time="2024-06-04T15:35:02.767472" level="INFO">Slept 2 seconds.</msg>
<arg>2s</arg>
<doc>Pauses the test executed for the given time.</doc>
<status status="PASS" start="2024-06-04T15:35:00.765967" elapsed="2.001505"/>
</kw>
<kw name="SignIn to the Application" owner="GenralKeywords">
<kw name="Input Text" owner="SeleniumLibrary">
<msg time="2024-06-04T15:35:02.770129" level="INFO">Typing text 'credibot@ktkbank.com' into text field '(//input[@id='signInFormUsername'])[2]'.</msg>
<arg>(//input[@id='signInFormUsername'])[2]</arg>
<arg>${username}</arg>
<doc>Types the given ``text`` into the text field identified by ``locator``.</doc>
<status status="PASS" start="2024-06-04T15:35:02.769137" elapsed="0.323717"/>
</kw>
<kw name="Input Text" owner="SeleniumLibrary">
<msg time="2024-06-04T15:35:03.094059" level="INFO">Typing text 'Credi!123' into text field '(//input[@id='signInFormPassword'])[2]'.</msg>
<arg>(//input[@id='signInFormPassword'])[2]</arg>
<arg>${password}</arg>
<doc>Types the given ``text`` into the text field identified by ``locator``.</doc>
<status status="PASS" start="2024-06-04T15:35:03.092854" elapsed="0.306182"/>
</kw>
<arg>credibot@ktkbank.com</arg>
<arg>Credi!123</arg>
<doc>Signs in using provided username and password</doc>
<status status="PASS" start="2024-06-04T15:35:02.768121" elapsed="0.630915"/>
</kw>
<kw name="Click Signin Button" owner="GenralKeywords">
<kw name="Click Button" owner="SeleniumLibrary">
<msg time="2024-06-04T15:35:03.401866" level="INFO">Clicking button '(//input[@name='signInSubmitButton'])[2]'.</msg>
<arg>${Signin_Button}</arg>
<doc>Clicks the button identified by ``locator``.</doc>
<status status="PASS" start="2024-06-04T15:35:03.400692" elapsed="2.895990"/>
</kw>
<doc>Clicks on the signin button</doc>
<status status="PASS" start="2024-06-04T15:35:03.399036" elapsed="2.898819"/>
</kw>
<kw name="Set Selenium Implicit Wait" owner="SeleniumLibrary">
<arg>4S</arg>
<doc>Sets the implicit wait value used by Selenium.</doc>
<status status="PASS" start="2024-06-04T15:35:06.297855" elapsed="0.002717"/>
</kw>
<kw name="Click Search Bar" owner="GenralKeywords">
<kw name="Click Element" owner="SeleniumLibrary">
<msg time="2024-06-04T15:35:06.306013" level="INFO">Clicking element '//input[@id='searchText']'.</msg>
<msg time="2024-06-04T15:35:20.590393" level="INFO" html="true">&lt;/td&gt;&lt;/tr&gt;&lt;tr&gt;&lt;td colspan="3"&gt;&lt;a href="selenium-screenshot-1.png"&gt;&lt;img src="selenium-screenshot-1.png" width="800px"&gt;&lt;/a&gt;</msg>
<msg time="2024-06-04T15:35:20.590393" level="FAIL">ElementNotInteractableException: Message: element not interactable
  (Session info: chrome=125.0.6422.113)
Stacktrace:
	GetHandleVerifier [0x00007FF631FB1F22+60322]
	(No symbol) [0x00007FF631F2CE99]
	(No symbol) [0x00007FF631DE7CE9]
	(No symbol) [0x00007FF631E389C2]
	(No symbol) [0x00007FF631E2B491]
	(No symbol) [0x00007FF631E5C21A]
	(No symbol) [0x00007FF631E2ADB6]
	(No symbol) [0x00007FF631E5C430]
	(No symbol) [0x00007FF631E7BC80]
	(No symbol) [0x00007FF631E5BFC3]
	(No symbol) [0x00007FF631E29617]
	(No symbol) [0x00007FF631E2A211]
	GetHandleVerifier [0x00007FF6322C946D+3301613]
	GetHandleVerifier [0x00007FF632313693+3605267]
	GetHandleVerifier [0x00007FF632309410+3563664]
	GetHandleVerifier [0x00007FF6320642F6+790390]
	(No symbol) [0x00007FF631F374DF]
	(No symbol) [0x00007FF631F333D4]
	(No symbol) [0x00007FF631F33562]
	(No symbol) [0x00007FF631F22F6F]
	BaseThreadInitThunk [0x00007FFCB8C0257D+29]
	RtlUserThreadStart [0x00007FFCBA3EAA48+40]
</msg>
<arg>${SEARCH BAR}</arg>
<doc>Click the element identified by ``locator``.</doc>
<status status="FAIL" start="2024-06-04T15:35:06.306013" elapsed="14.299283">ElementNotInteractableException: Message: element not interactable
  (Session info: chrome=125.0.6422.113)
Stacktrace:
	GetHandleVerifier [0x00007FF631FB1F22+60322]
	(No symbol) [0x00007FF631F2CE99]
	(No symbol) [0x00007FF631DE7CE9]
	(No symbol) [0x00007FF631E389C2]
	(No symbol) [0x00007FF631E2B491]
	(No symbol) [0x00007FF631E5C21A]
	(No symbol) [0x00007FF631E2ADB6]
	(No symbol) [0x00007FF631E5C430]
	(No symbol) [0x00007FF631E7BC80]
	(No symbol) [0x00007FF631E5BFC3]
	(No symbol) [0x00007FF631E29617]
	(No symbol) [0x00007FF631E2A211]
	GetHandleVerifier [0x00007FF6322C946D+3301613]
	GetHandleVerifier [0x00007FF632313693+3605267]
	GetHandleVerifier [0x00007FF632309410+3563664]
	GetHandleVerifier [0x00007FF6320642F6+790390]
	(No symbol) [0x00007FF631F374DF]
	(No symbol) [0x00007FF631F333D4]
	(No symbol) [0x00007FF631F33562]
	(No symbol) [0x00007FF631F22F6F]
	BaseThreadInitThunk [0x00007FFCB8C0257D+29]
	RtlUserThreadStart [0x00007FFCBA3EAA48+40]
</status>
</kw>
<doc>Clicks on the search bar</doc>
<status status="FAIL" start="2024-06-04T15:35:06.300572" elapsed="14.306370">ElementNotInteractableException: Message: element not interactable
  (Session info: chrome=125.0.6422.113)
Stacktrace:
	GetHandleVerifier [0x00007FF631FB1F22+60322]
	(No symbol) [0x00007FF631F2CE99]
	(No symbol) [0x00007FF631DE7CE9]
	(No symbol) [0x00007FF631E389C2]
	(No symbol) [0x00007FF631E2B491]
	(No symbol) [0x00007FF631E5C21A]
	(No symbol) [0x00007FF631E2ADB6]
	(No symbol) [0x00007FF631E5C430]
	(No symbol) [0x00007FF631E7BC80]
	(No symbol) [0x00007FF631E5BFC3]
	(No symbol) [0x00007FF631E29617]
	(No symbol) [0x00007FF631E2A211]
	GetHandleVerifier [0x00007FF6322C946D+3301613]
	GetHandleVerifier [0x00007FF632313693+3605267]
	GetHandleVerifier [0x00007FF632309410+3563664]
	GetHandleVerifier [0x00007FF6320642F6+790390]
	(No symbol) [0x00007FF631F374DF]
	(No symbol) [0x00007FF631F333D4]
	(No symbol) [0x00007FF631F33562]
	(No symbol) [0x00007FF631F22F6F]
	BaseThreadInitThunk [0x00007FFCB8C0257D+29]
	RtlUserThreadStart [0x00007FFCBA3EAA48+40]
</status>
</kw>
<kw name="Read Customer Name From CSV" owner="GenralKeywords">
<var>${customer_name}</var>
<doc>Reads customer name from CSV file</doc>
<status status="NOT RUN" start="2024-06-04T15:35:20.606942" elapsed="0.000000"/>
</kw>
<kw name="Input Text" owner="SeleniumLibrary">
<arg>${SEARCH BAR}</arg>
<arg>${customer_name}</arg>
<doc>Types the given ``text`` into the text field identified by ``locator``.</doc>
<status status="NOT RUN" start="2024-06-04T15:35:20.608070" elapsed="0.000000"/>
</kw>
<kw name="Wait Until Element Is Visible" owner="SeleniumLibrary">
<arg>${SEARCHED ITEM}</arg>
<doc>Waits until the element ``locator`` is visible.</doc>
<status status="NOT RUN" start="2024-06-04T15:35:20.608070" elapsed="0.000000"/>
</kw>
<kw name="Sleep" owner="BuiltIn">
<arg>5s</arg>
<doc>Pauses the test executed for the given time.</doc>
<status status="NOT RUN" start="2024-06-04T15:35:20.609238" elapsed="0.000000"/>
</kw>
<kw name="Click on Searched Customer name in search list" owner="GenralKeywords">
<doc>Click on Searched Customer name in search list</doc>
<status status="NOT RUN" start="2024-06-04T15:35:20.610424" elapsed="0.000000"/>
</kw>
<kw name="Sleep" owner="BuiltIn">
<arg>3s</arg>
<doc>Pauses the test executed for the given time.</doc>
<status status="NOT RUN" start="2024-06-04T15:35:20.611616" elapsed="0.000000"/>
</kw>
<doc>Login to the application and search customer name</doc>
<status status="FAIL" start="2024-06-04T15:33:52.699830" elapsed="87.912952">ElementNotInteractableException: Message: element not interactable
  (Session info: chrome=125.0.6422.113)
Stacktrace:
	GetHandleVerifier [0x00007FF631FB1F22+60322]
	(No symbol) [0x00007FF631F2CE99]
	(No symbol) [0x00007FF631DE7CE9]
	(No symbol) [0x00007FF631E389C2]
	(No symbol) [0x00007FF631E2B491]
	(No symbol) [0x00007FF631E5C21A]
	(No symbol) [0x00007FF631E2ADB6]
	(No symbol) [0x00007FF631E5C430]
	(No symbol) [0x00007FF631E7BC80]
	(No symbol) [0x00007FF631E5BFC3]
	(No symbol) [0x00007FF631E29617]
	(No symbol) [0x00007FF631E2A211]
	GetHandleVerifier [0x00007FF6322C946D+3301613]
	GetHandleVerifier [0x00007FF632313693+3605267]
	GetHandleVerifier [0x00007FF632309410+3563664]
	GetHandleVerifier [0x00007FF6320642F6+790390]
	(No symbol) [0x00007FF631F374DF]
	(No symbol) [0x00007FF631F333D4]
	(No symbol) [0x00007FF631F33562]
	(No symbol) [0x00007FF631F22F6F]
	BaseThreadInitThunk [0x00007FFCB8C0257D+29]
	RtlUserThreadStart [0x00007FFCBA3EAA48+40]
</status>
</kw>
<kw name="Click Legal Link" owner="LegalPage">
<doc>Clicks on the Legal link</doc>
<status status="NOT RUN" start="2024-06-04T15:35:20.613894" elapsed="0.000000"/>
</kw>
<kw name="Sleep" owner="BuiltIn">
<arg>5s</arg>
<doc>Pauses the test executed for the given time.</doc>
<status status="NOT RUN" start="2024-06-04T15:35:20.613894" elapsed="0.000000"/>
</kw>
<kw name="Location Should Contain" owner="SeleniumLibrary">
<arg>legal</arg>
<doc>Verifies that the current URL contains ``expected``.</doc>
<status status="NOT RUN" start="2024-06-04T15:35:20.615023" elapsed="0.000000"/>
</kw>
<doc>TC-1 Test the Legal page</doc>
<tag>Sanity</tag>
<status status="FAIL" start="2024-06-04T15:33:52.696312" elapsed="87.918711">ElementNotInteractableException: Message: element not interactable
  (Session info: chrome=125.0.6422.113)
Stacktrace:
	GetHandleVerifier [0x00007FF631FB1F22+60322]
	(No symbol) [0x00007FF631F2CE99]
	(No symbol) [0x00007FF631DE7CE9]
	(No symbol) [0x00007FF631E389C2]
	(No symbol) [0x00007FF631E2B491]
	(No symbol) [0x00007FF631E5C21A]
	(No symbol) [0x00007FF631E2ADB6]
	(No symbol) [0x00007FF631E5C430]
	(No symbol) [0x00007FF631E7BC80]
	(No symbol) [0x00007FF631E5BFC3]
	(No symbol) [0x00007FF631E29617]
	(No symbol) [0x00007FF631E2A211]
	GetHandleVerifier [0x00007FF6322C946D+3301613]
	GetHandleVerifier [0x00007FF632313693+3605267]
	GetHandleVerifier [0x00007FF632309410+3563664]
	GetHandleVerifier [0x00007FF6320642F6+790390]
	(No symbol) [0x00007FF631F374DF]
	(No symbol) [0x00007FF631F333D4]
	(No symbol) [0x00007FF631F33562]
	(No symbol) [0x00007FF631F22F6F]
	BaseThreadInitThunk [0x00007FFCB8C0257D+29]
	RtlUserThreadStart [0x00007FFCBA3EAA48+40]
</status>
</test>
<status status="FAIL" start="2024-06-04T15:33:52.025391" elapsed="88.593335"/>
</suite>
<status status="FAIL" start="2024-06-04T15:33:52.022294" elapsed="88.597696"/>
</suite>
<status status="FAIL" start="2024-06-04T15:33:51.931177" elapsed="88.689977"/>
</suite>
<statistics>
<total>
<stat pass="0" fail="1" skip="0">All Tests</stat>
</total>
<tag>
<stat pass="0" fail="1" skip="0">Sanity</stat>
</tag>
<suite>
<stat pass="0" fail="1" skip="0" id="s1" name="TestSuites">TestSuites</stat>
<stat pass="0" fail="1" skip="0" id="s1-s1" name="TS7 Legal">TestSuites.TS7 Legal</stat>
<stat pass="0" fail="1" skip="0" id="s1-s1-s1" name="TC7 LEGAL">TestSuites.TS7 Legal.TC7 LEGAL</stat>
</suite>
</statistics>
<errors>
</errors>
</robot>
